14:50:04.194 [main] INFO  com.rediff.base.Base - ReddifMail website is launced successfully
14:50:07.645 [main] INFO  com.rediff.base.Base - Browser window is maximized
14:50:07.725 [main] INFO  com.rediff.base.Base - Implict wait is set to 10 seconds globally
14:50:07.725 [main] DEBUG com.rediff.base.Base - initialization method is invoked for SignIn page test
14:50:07.903 [main] INFO  com.rediff.base.Base - SignIn link from homepage is clicked to initiate the login process
14:50:10.882 [main] DEBUG com.rediff.base.Base - User enetred a valid username 
14:50:10.994 [main] DEBUG com.rediff.base.Base - User entered a valid password
14:50:12.648 [main] DEBUG com.rediff.base.Base - Login Button is clicked
14:50:12.651 [main] INFO  com.rediff.base.Base - Login successful
14:50:12.653 [main] INFO  com.rediff.base.Base - Test Case passed onSuccessfulLoginTest
14:50:13.353 [main] INFO  com.rediff.base.Base - SignInTest is completed
14:50:16.563 [main] INFO  com.rediff.base.Base - ChromeDriver has been initialized
14:50:16.563 [main] DEBUG com.rediff.base.Base - RddifMail URL is set into the address bar
14:50:21.795 [main] INFO  com.rediff.base.Base - ReddifMail website is launced successfully
14:50:25.567 [main] INFO  com.rediff.base.Base - Browser window is maximized
14:50:25.624 [main] INFO  com.rediff.base.Base - Implict wait is set to 10 seconds globally
14:50:25.624 [main] DEBUG com.rediff.base.Base - Initialization method is invoked for homepage test
14:50:25.635 [main] INFO  com.rediff.base.Base - HomePage title is fetched
14:50:28.882 [main] INFO  com.rediff.base.Base - HomePageTest is completed
14:50:32.147 [main] INFO  com.rediff.base.Base - ChromeDriver has been initialized
14:50:32.148 [main] DEBUG com.rediff.base.Base - RddifMail URL is set into the address bar
14:50:36.988 [main] INFO  com.rediff.base.Base - ReddifMail website is launced successfully
14:50:39.598 [main] INFO  com.rediff.base.Base - Browser window is maximized
14:50:39.657 [main] INFO  com.rediff.base.Base - Implict wait is set to 10 seconds globally
